<?xml version="1.0" encoding="UTF-8"?>
<testsuite xmlns:xsi="http://www.w3.org/2001/XMLSchema-instance" xsi:noNamespaceSchemaLocation="https://maven.apache.org/surefire/maven-surefire-plugin/xsd/surefire-test-report.xsd" name="nl.myndocs.oauth2.http4k.integration.Http4kIntegrationTest" time="7.092" tests="3" errors="0" skipped="0" failures="0">
  <properties>
    <property name="java.specification.version" value="16"/>
    <property name="sun.cpu.isalist" value="amd64"/>
    <property name="sun.jnu.encoding" value="Cp1252"/>
    <property name="java.class.path" value="C:\Users\micro\source\repos\kotlin-oauth2-server\oauth2-server-http4k\target\test-classes;C:\Users\micro\source\repos\kotlin-oauth2-server\oauth2-server-http4k\target\classes;C:\Users\micro\.m2\repository\org\http4k\http4k-core\4.25.13.0\http4k-core-4.25.13.0.jar;C:\Users\micro\.m2\repository\javax\servlet\javax.servlet-api\4.0.1\javax.servlet-api-4.0.1.jar;C:\Users\micro\.m2\repository\dev\forkhandles\result4k\2.1.1.0\result4k-2.1.1.0.jar;C:\Users\micro\.m2\repository\dev\forkhandles\values4k\2.1.1.0\values4k-2.1.1.0.jar;C:\Users\micro\.m2\repository\org\http4k\http4k-server-jetty\4.25.13.0\http4k-server-jetty-4.25.13.0.jar;C:\Users\micro\.m2\repository\org\http4k\http4k-realtime-core\4.25.13.0\http4k-realtime-core-4.25.13.0.jar;C:\Users\micro\.m2\repository\org\eclipse\jetty\jetty-server\11.0.9\jetty-server-11.0.9.jar;C:\Users\micro\.m2\repository\org\eclipse\jetty\toolchain\jetty-jakarta-servlet-api\5.0.2\jetty-jakarta-servlet-api-5.0.2.jar;C:\Users\micro\.m2\repository\org\eclipse\jetty\jetty-http\11.0.9\jetty-http-11.0.9.jar;C:\Users\micro\.m2\repository\org\eclipse\jetty\jetty-util\11.0.9\jetty-util-11.0.9.jar;C:\Users\micro\.m2\repository\org\eclipse\jetty\jetty-io\11.0.9\jetty-io-11.0.9.jar;C:\Users\micro\.m2\repository\org\eclipse\jetty\jetty-servlet\11.0.9\jetty-servlet-11.0.9.jar;C:\Users\micro\.m2\repository\org\eclipse\jetty\jetty-security\11.0.9\jetty-security-11.0.9.jar;C:\Users\micro\.m2\repository\org\eclipse\jetty\websocket\websocket-core-server\11.0.9\websocket-core-server-11.0.9.jar;C:\Users\micro\.m2\repository\org\eclipse\jetty\websocket\websocket-core-common\11.0.9\websocket-core-common-11.0.9.jar;C:\Users\micro\.m2\repository\org\eclipse\jetty\http2\http2-server\11.0.9\http2-server-11.0.9.jar;C:\Users\micro\.m2\repository\org\eclipse\jetty\http2\http2-common\11.0.9\http2-common-11.0.9.jar;C:\Users\micro\.m2\repository\org\eclipse\jetty\http2\http2-hpack\11.0.9\http2-hpack-11.0.9.jar;C:\Users\micro\.m2\repository\org\eclipse\jetty\jetty-alpn-java-server\11.0.9\jetty-alpn-java-server-11.0.9.jar;C:\Users\micro\.m2\repository\org\eclipse\jetty\jetty-alpn-server\11.0.9\jetty-alpn-server-11.0.9.jar;C:\Users\micro\.m2\repository\org\mortbay\jetty\alpn\alpn-boot\8.1.13.v20181017\alpn-boot-8.1.13.v20181017.jar;C:\Users\micro\source\repos\kotlin-oauth2-server\oauth2-server-core\target\oauth2-server-core-0.7.1-TC.jar;C:\Users\micro\source\repos\kotlin-oauth2-server\oauth2-server-json\target\oauth2-server-json-0.7.1-TC-shaded.jar;C:\Users\micro\.m2\repository\com\google\code\gson\gson\2.9.0\gson-2.9.0.jar;C:\Users\micro\source\repos\kotlin-oauth2-server\oauth2-server-integration-base\target\oauth2-server-integration-base-0.7.1-TC.jar;C:\Users\micro\.m2\repository\com\squareup\okhttp3\okhttp\4.9.3\okhttp-4.9.3.jar;C:\Users\micro\.m2\repository\com\squareup\okio\okio\2.8.0\okio-2.8.0.jar;C:\Users\micro\source\repos\kotlin-oauth2-server\oauth2-server-client-inmemory\target\oauth2-server-client-inmemory-0.7.1-TC.jar;C:\Users\micro\source\repos\kotlin-oauth2-server\oauth2-server-identity-inmemory\target\oauth2-server-identity-inmemory-0.7.1-TC.jar;C:\Users\micro\source\repos\kotlin-oauth2-server\oauth2-server-token-store-inmemory\target\oauth2-server-token-store-inmemory-0.7.1-TC.jar;C:\Users\micro\.m2\repository\com\fasterxml\jackson\core\jackson-core\2.13.3\jackson-core-2.13.3.jar;C:\Users\micro\.m2\repository\com\fasterxml\jackson\core\jackson-databind\2.13.3\jackson-databind-2.13.3.jar;C:\Users\micro\.m2\repository\com\fasterxml\jackson\core\jackson-annotations\2.13.3\jackson-annotations-2.13.3.jar;C:\Users\micro\.m2\repository\com\fasterxml\jackson\module\jackson-module-kotlin\2.13.3\jackson-module-kotlin-2.13.3.jar;C:\Users\micro\.m2\repository\org\hamcrest\hamcrest-all\1.3\hamcrest-all-1.3.jar;C:\Users\micro\.m2\repository\org\jetbrains\kotlin\kotlin-stdlib-jdk8\1.7.10\kotlin-stdlib-jdk8-1.7.10.jar;C:\Users\micro\.m2\repository\org\jetbrains\kotlin\kotlin-stdlib\1.7.10\kotlin-stdlib-1.7.10.jar;C:\Users\micro\.m2\repository\org\jetbrains\kotlin\kotlin-stdlib-common\1.7.10\kotlin-stdlib-common-1.7.10.jar;C:\Users\micro\.m2\repository\org\jetbrains\annotations\13.0\annotations-13.0.jar;C:\Users\micro\.m2\repository\org\jetbrains\kotlin\kotlin-stdlib-jdk7\1.7.10\kotlin-stdlib-jdk7-1.7.10.jar;C:\Users\micro\.m2\repository\org\jetbrains\kotlin\kotlin-test\1.7.10\kotlin-test-1.7.10.jar;C:\Users\micro\.m2\repository\org\junit\jupiter\junit-jupiter-engine\5.8.2\junit-jupiter-engine-5.8.2.jar;C:\Users\micro\.m2\repository\org\junit\platform\junit-platform-engine\1.8.2\junit-platform-engine-1.8.2.jar;C:\Users\micro\.m2\repository\org\opentest4j\opentest4j\1.2.0\opentest4j-1.2.0.jar;C:\Users\micro\.m2\repository\org\junit\platform\junit-platform-commons\1.8.2\junit-platform-commons-1.8.2.jar;C:\Users\micro\.m2\repository\org\junit\jupiter\junit-jupiter-api\5.8.2\junit-jupiter-api-5.8.2.jar;C:\Users\micro\.m2\repository\org\apiguardian\apiguardian-api\1.1.2\apiguardian-api-1.1.2.jar;C:\Users\micro\.m2\repository\io\mockk\mockk\1.12.3\mockk-1.12.3.jar;C:\Users\micro\.m2\repository\io\mockk\mockk-common\1.12.3\mockk-common-1.12.3.jar;C:\Users\micro\.m2\repository\io\mockk\mockk-dsl\1.12.3\mockk-dsl-1.12.3.jar;C:\Users\micro\.m2\repository\io\mockk\mockk-dsl-jvm\1.12.3\mockk-dsl-jvm-1.12.3.jar;C:\Users\micro\.m2\repository\io\mockk\mockk-agent-jvm\1.12.3\mockk-agent-jvm-1.12.3.jar;C:\Users\micro\.m2\repository\io\mockk\mockk-agent-api\1.12.3\mockk-agent-api-1.12.3.jar;C:\Users\micro\.m2\repository\io\mockk\mockk-agent-common\1.12.3\mockk-agent-common-1.12.3.jar;C:\Users\micro\.m2\repository\org\objenesis\objenesis\3.1\objenesis-3.1.jar;C:\Users\micro\.m2\repository\net\bytebuddy\byte-buddy\1.12.6\byte-buddy-1.12.6.jar;C:\Users\micro\.m2\repository\net\bytebuddy\byte-buddy-agent\1.12.6\byte-buddy-agent-1.12.6.jar;C:\Users\micro\.m2\repository\org\jetbrains\kotlin\kotlin-reflect\1.6.0\kotlin-reflect-1.6.0.jar;C:\Users\micro\.m2\repository\org\hamcrest\hamcrest-library\2.2\hamcrest-library-2.2.jar;C:\Users\micro\.m2\repository\org\hamcrest\hamcrest-core\2.2\hamcrest-core-2.2.jar;C:\Users\micro\.m2\repository\org\hamcrest\hamcrest\2.2\hamcrest-2.2.jar;C:\Users\micro\.m2\repository\org\slf4j\slf4j-simple\1.7.36\slf4j-simple-1.7.36.jar;C:\Users\micro\.m2\repository\org\slf4j\slf4j-api\1.7.36\slf4j-api-1.7.36.jar;"/>
    <property name="java.vm.vendor" value="Oracle Corporation"/>
    <property name="sun.arch.data.model" value="64"/>
    <property name="user.variant" value=""/>
    <property name="java.vendor.url" value="https://java.oracle.com/"/>
    <property name="user.timezone" value="Europe/London"/>
    <property name="os.name" value="Windows 10"/>
    <property name="java.vm.specification.version" value="16"/>
    <property name="sun.java.launcher" value="SUN_STANDARD"/>
    <property name="user.country" value="GB"/>
    <property name="sun.boot.library.path" value="C:\Users\micro\.jdks\openjdk-16.0.2\bin"/>
    <property name="sun.java.command" value="C:\Users\micro\AppData\Local\Temp\surefire8412055071846521950\surefirebooter11106498922988235938.jar C:\Users\micro\AppData\Local\Temp\surefire8412055071846521950 2022-09-03T18-00-53_915-jvmRun1 surefire8787357908395557565tmp surefire_46649278366083505401tmp"/>
    <property name="jdk.debug" value="release"/>
    <property name="surefire.test.class.path" value="C:\Users\micro\source\repos\kotlin-oauth2-server\oauth2-server-http4k\target\test-classes;C:\Users\micro\source\repos\kotlin-oauth2-server\oauth2-server-http4k\target\classes;C:\Users\micro\.m2\repository\org\http4k\http4k-core\4.25.13.0\http4k-core-4.25.13.0.jar;C:\Users\micro\.m2\repository\javax\servlet\javax.servlet-api\4.0.1\javax.servlet-api-4.0.1.jar;C:\Users\micro\.m2\repository\dev\forkhandles\result4k\2.1.1.0\result4k-2.1.1.0.jar;C:\Users\micro\.m2\repository\dev\forkhandles\values4k\2.1.1.0\values4k-2.1.1.0.jar;C:\Users\micro\.m2\repository\org\http4k\http4k-server-jetty\4.25.13.0\http4k-server-jetty-4.25.13.0.jar;C:\Users\micro\.m2\repository\org\http4k\http4k-realtime-core\4.25.13.0\http4k-realtime-core-4.25.13.0.jar;C:\Users\micro\.m2\repository\org\eclipse\jetty\jetty-server\11.0.9\jetty-server-11.0.9.jar;C:\Users\micro\.m2\repository\org\eclipse\jetty\toolchain\jetty-jakarta-servlet-api\5.0.2\jetty-jakarta-servlet-api-5.0.2.jar;C:\Users\micro\.m2\repository\org\eclipse\jetty\jetty-http\11.0.9\jetty-http-11.0.9.jar;C:\Users\micro\.m2\repository\org\eclipse\jetty\jetty-util\11.0.9\jetty-util-11.0.9.jar;C:\Users\micro\.m2\repository\org\eclipse\jetty\jetty-io\11.0.9\jetty-io-11.0.9.jar;C:\Users\micro\.m2\repository\org\eclipse\jetty\jetty-servlet\11.0.9\jetty-servlet-11.0.9.jar;C:\Users\micro\.m2\repository\org\eclipse\jetty\jetty-security\11.0.9\jetty-security-11.0.9.jar;C:\Users\micro\.m2\repository\org\eclipse\jetty\websocket\websocket-core-server\11.0.9\websocket-core-server-11.0.9.jar;C:\Users\micro\.m2\repository\org\eclipse\jetty\websocket\websocket-core-common\11.0.9\websocket-core-common-11.0.9.jar;C:\Users\micro\.m2\repository\org\eclipse\jetty\http2\http2-server\11.0.9\http2-server-11.0.9.jar;C:\Users\micro\.m2\repository\org\eclipse\jetty\http2\http2-common\11.0.9\http2-common-11.0.9.jar;C:\Users\micro\.m2\repository\org\eclipse\jetty\http2\http2-hpack\11.0.9\http2-hpack-11.0.9.jar;C:\Users\micro\.m2\repository\org\eclipse\jetty\jetty-alpn-java-server\11.0.9\jetty-alpn-java-server-11.0.9.jar;C:\Users\micro\.m2\repository\org\eclipse\jetty\jetty-alpn-server\11.0.9\jetty-alpn-server-11.0.9.jar;C:\Users\micro\.m2\repository\org\mortbay\jetty\alpn\alpn-boot\8.1.13.v20181017\alpn-boot-8.1.13.v20181017.jar;C:\Users\micro\source\repos\kotlin-oauth2-server\oauth2-server-core\target\oauth2-server-core-0.7.1-TC.jar;C:\Users\micro\source\repos\kotlin-oauth2-server\oauth2-server-json\target\oauth2-server-json-0.7.1-TC-shaded.jar;C:\Users\micro\.m2\repository\com\google\code\gson\gson\2.9.0\gson-2.9.0.jar;C:\Users\micro\source\repos\kotlin-oauth2-server\oauth2-server-integration-base\target\oauth2-server-integration-base-0.7.1-TC.jar;C:\Users\micro\.m2\repository\com\squareup\okhttp3\okhttp\4.9.3\okhttp-4.9.3.jar;C:\Users\micro\.m2\repository\com\squareup\okio\okio\2.8.0\okio-2.8.0.jar;C:\Users\micro\source\repos\kotlin-oauth2-server\oauth2-server-client-inmemory\target\oauth2-server-client-inmemory-0.7.1-TC.jar;C:\Users\micro\source\repos\kotlin-oauth2-server\oauth2-server-identity-inmemory\target\oauth2-server-identity-inmemory-0.7.1-TC.jar;C:\Users\micro\source\repos\kotlin-oauth2-server\oauth2-server-token-store-inmemory\target\oauth2-server-token-store-inmemory-0.7.1-TC.jar;C:\Users\micro\.m2\repository\com\fasterxml\jackson\core\jackson-core\2.13.3\jackson-core-2.13.3.jar;C:\Users\micro\.m2\repository\com\fasterxml\jackson\core\jackson-databind\2.13.3\jackson-databind-2.13.3.jar;C:\Users\micro\.m2\repository\com\fasterxml\jackson\core\jackson-annotations\2.13.3\jackson-annotations-2.13.3.jar;C:\Users\micro\.m2\repository\com\fasterxml\jackson\module\jackson-module-kotlin\2.13.3\jackson-module-kotlin-2.13.3.jar;C:\Users\micro\.m2\repository\org\hamcrest\hamcrest-all\1.3\hamcrest-all-1.3.jar;C:\Users\micro\.m2\repository\org\jetbrains\kotlin\kotlin-stdlib-jdk8\1.7.10\kotlin-stdlib-jdk8-1.7.10.jar;C:\Users\micro\.m2\repository\org\jetbrains\kotlin\kotlin-stdlib\1.7.10\kotlin-stdlib-1.7.10.jar;C:\Users\micro\.m2\repository\org\jetbrains\kotlin\kotlin-stdlib-common\1.7.10\kotlin-stdlib-common-1.7.10.jar;C:\Users\micro\.m2\repository\org\jetbrains\annotations\13.0\annotations-13.0.jar;C:\Users\micro\.m2\repository\org\jetbrains\kotlin\kotlin-stdlib-jdk7\1.7.10\kotlin-stdlib-jdk7-1.7.10.jar;C:\Users\micro\.m2\repository\org\jetbrains\kotlin\kotlin-test\1.7.10\kotlin-test-1.7.10.jar;C:\Users\micro\.m2\repository\org\junit\jupiter\junit-jupiter-engine\5.8.2\junit-jupiter-engine-5.8.2.jar;C:\Users\micro\.m2\repository\org\junit\platform\junit-platform-engine\1.8.2\junit-platform-engine-1.8.2.jar;C:\Users\micro\.m2\repository\org\opentest4j\opentest4j\1.2.0\opentest4j-1.2.0.jar;C:\Users\micro\.m2\repository\org\junit\platform\junit-platform-commons\1.8.2\junit-platform-commons-1.8.2.jar;C:\Users\micro\.m2\repository\org\junit\jupiter\junit-jupiter-api\5.8.2\junit-jupiter-api-5.8.2.jar;C:\Users\micro\.m2\repository\org\apiguardian\apiguardian-api\1.1.2\apiguardian-api-1.1.2.jar;C:\Users\micro\.m2\repository\io\mockk\mockk\1.12.3\mockk-1.12.3.jar;C:\Users\micro\.m2\repository\io\mockk\mockk-common\1.12.3\mockk-common-1.12.3.jar;C:\Users\micro\.m2\repository\io\mockk\mockk-dsl\1.12.3\mockk-dsl-1.12.3.jar;C:\Users\micro\.m2\repository\io\mockk\mockk-dsl-jvm\1.12.3\mockk-dsl-jvm-1.12.3.jar;C:\Users\micro\.m2\repository\io\mockk\mockk-agent-jvm\1.12.3\mockk-agent-jvm-1.12.3.jar;C:\Users\micro\.m2\repository\io\mockk\mockk-agent-api\1.12.3\mockk-agent-api-1.12.3.jar;C:\Users\micro\.m2\repository\io\mockk\mockk-agent-common\1.12.3\mockk-agent-common-1.12.3.jar;C:\Users\micro\.m2\repository\org\objenesis\objenesis\3.1\objenesis-3.1.jar;C:\Users\micro\.m2\repository\net\bytebuddy\byte-buddy\1.12.6\byte-buddy-1.12.6.jar;C:\Users\micro\.m2\repository\net\bytebuddy\byte-buddy-agent\1.12.6\byte-buddy-agent-1.12.6.jar;C:\Users\micro\.m2\repository\org\jetbrains\kotlin\kotlin-reflect\1.6.0\kotlin-reflect-1.6.0.jar;C:\Users\micro\.m2\repository\org\hamcrest\hamcrest-library\2.2\hamcrest-library-2.2.jar;C:\Users\micro\.m2\repository\org\hamcrest\hamcrest-core\2.2\hamcrest-core-2.2.jar;C:\Users\micro\.m2\repository\org\hamcrest\hamcrest\2.2\hamcrest-2.2.jar;C:\Users\micro\.m2\repository\org\slf4j\slf4j-simple\1.7.36\slf4j-simple-1.7.36.jar;C:\Users\micro\.m2\repository\org\slf4j\slf4j-api\1.7.36\slf4j-api-1.7.36.jar;"/>
    <property name="sun.cpu.endian" value="little"/>
    <property name="user.home" value="C:\Users\micro"/>
    <property name="user.language" value="en"/>
    <property name="java.specification.vendor" value="Oracle Corporation"/>
    <property name="java.version.date" value="2021-07-20"/>
    <property name="java.home" value="C:\Users\micro\.jdks\openjdk-16.0.2"/>
    <property name="file.separator" value="\"/>
    <property name="basedir" value="C:\Users\micro\source\repos\kotlin-oauth2-server\oauth2-server-http4k"/>
    <property name="java.vm.compressedOopsMode" value="Zero based"/>
    <property name="line.separator" value="&#10;"/>
    <property name="java.vm.specification.vendor" value="Oracle Corporation"/>
    <property name="java.specification.name" value="Java Platform API Specification"/>
    <property name="surefire.real.class.path" value="C:\Users\micro\AppData\Local\Temp\surefire8412055071846521950\surefirebooter11106498922988235938.jar"/>
    <property name="user.script" value=""/>
    <property name="sun.management.compiler" value="HotSpot 64-Bit Tiered Compilers"/>
    <property name="java.runtime.version" value="16.0.2+7-67"/>
    <property name="user.name" value="micro"/>
    <property name="path.separator" value=";"/>
    <property name="os.version" value="10.0"/>
    <property name="java.runtime.name" value="OpenJDK Runtime Environment"/>
    <property name="file.encoding" value="Cp1252"/>
    <property name="java.vm.name" value="OpenJDK 64-Bit Server VM"/>
    <property name="localRepository" value="C:\Users\micro\.m2\repository"/>
    <property name="java.vendor.url.bug" value="https://bugreport.java.com/bugreport/"/>
    <property name="java.io.tmpdir" value="C:\Users\micro\AppData\Local\Temp\"/>
    <property name="idea.version" value="2022.2.1"/>
    <property name="java.version" value="16.0.2"/>
    <property name="user.dir" value="C:\Users\micro\source\repos\kotlin-oauth2-server\oauth2-server-http4k"/>
    <property name="os.arch" value="amd64"/>
    <property name="java.vm.specification.name" value="Java Virtual Machine Specification"/>
    <property name="sun.os.patch.level" value=""/>
    <property name="java.library.path" value="C:\Users\micro\.jdks\openjdk-16.0.2\bin;C:\WINDOWS\Sun\Java\bin;C:\WINDOWS\system32;C:\WINDOWS;C:\Program Files (x86)\Microsoft SDKs\Azure\CLI2\wbin;F:\Oculus\Support\oculus-runtime;C:\Program Files (x86)\Common Files\Oracle\Java\javapath;F:\Python\Python38-32\Scripts\;F:\Python\Python38-32\;C:\Program Files (x86)\Common Files\Intel\Shared Libraries\redist\intel64\compiler;C:\Windows\system32;C:\Windows;C:\Windows\System32\Wbem;C:\Windows\System32\WindowsPowerShell\v1.0\;C:\Windows\System32\OpenSSH\;C:\Program Files\NVIDIA Corporation\NVIDIA NvDLISR;C:\Program Files (x86)\NVIDIA Corporation\PhysX\Common;F:\Program Files\Kubernetes\Minikube;C:\Program Files (x86)\Windows Kits\10\Windows Performance Toolkit\;C:\Program Files\SourceGear\Common\DiffMerge\;C:\Program Files\Git\cmd;C:\WINDOWS\system32;C:\WINDOWS;C:\WINDOWS\System32\Wbem;C:\WINDOWS\System32\WindowsPowerShell\v1.0\;C:\WINDOWS\System32\OpenSSH\;C:\Program Files (x86)\Microsoft SQL Server\110\Tools\Binn\;C:\Program Files\Microsoft SQL Server\110\Tools\Binn\;C:\Program Files\Microsoft SQL Server\110\DTS\Binn\;C:\Program Files\Microsoft SQL Server\130\Tools\Binn\;C:\Program Files\Microsoft SQL Server\Client SDK\ODBC\170\Tools\Binn\;C:\Program Files\dotnet\;C:\Program Files\xLights;F:\Program Files (x86)\nodejs\;C:\Program Files\Docker\Docker\resources\bin;C:\ProgramData\DockerDesktop\version-bin;C:\Program Files\Microsoft Network Monitor 3\;C:\Program Files (x86)\dotnet\;C:\Users\micro\AppData\Local\Programs\Python\Python39\Scripts\;C:\Users\micro\AppData\Local\Programs\Python\Python39\;C:\Users\micro\AppData\Local\Programs\Python\Launcher\;C:\Users\micro\AppData\Local\Microsoft\WindowsApps;C:\Users\micro\.dotnet\tools;C:\Users\micro\AppData\Local\Microsoft\WindowsApps;C:\Users\micro\.dotnet\tools;F:\Azure Data Studio\bin;C:\Users\micro\AppData\Local\GitHubDesktop\bin;F:\Program Files (x86)\mitmproxy\bin;C:\Users\micro\AppData\Roaming\npm;F:\Program Files (x86)\BrowserStackLocal\;."/>
    <property name="java.vm.info" value="mixed mode, sharing"/>
    <property name="java.vendor" value="Oracle Corporation"/>
    <property name="java.vm.version" value="16.0.2+7-67"/>
    <property name="sun.io.unicode.encoding" value="UnicodeLittle"/>
    <property name="java.class.version" value="60.0"/>
  </properties>
  <testcase name="test authorization grant flow" classname="nl.myndocs.oauth2.http4k.integration.Http4kIntegrationTest" time="2.469"/>
  <testcase name="test client credentials flow" classname="nl.myndocs.oauth2.http4k.integration.Http4kIntegrationTest" time="2.034"/>
  <testcase name="test password grant flow" classname="nl.myndocs.oauth2.http4k.integration.Http4kIntegrationTest" time="2.027"/>
</testsuite>